VirtualBox GUI VM Selector Window 4.3.18_OSE r96516 linux.amd64 (Oct 11 2014 19:11:11) release log
00:00:00.795940 Log opened 2014-11-11T04:09:47.875689000Z
00:00:00.795941 Build Type: release
00:00:00.795943 OS Product: Linux
00:00:00.795943 OS Release: 3.17.2-1-ARCH
00:00:00.795944 OS Version: #1 SMP PREEMPT Thu Oct 30 20:49:39 CET 2014
00:00:00.795957 DMI Product Name: All Series
00:00:00.795961 DMI Product Version: System Version
00:00:00.796007 Host RAM: 7927MB total, 6312MB available
00:00:00.796008 Executable: /usr/lib/virtualbox/VirtualBox
00:00:00.796008 Process ID: 10001
00:00:00.796009 Package type: LINUX_64BITS_GENERIC (OSE)
00:00:00.802478 UIMediumEnumerator: Medium-enumeration started...
00:00:01.036714 UIMediumEnumerator: Medium-enumeration finished!
00:00:02.880845 UIMediumEnumerator: Medium-enumeration started...
00:00:02.900348 UIMediumEnumerator: Medium-enumeration finished!
00:01:44.709434 UIMediumEnumerator: Medium with key={3ef4e27e-fb6a-4637-9bc4-5f4d9a009964} created.
00:01:48.924266 UIMediumEnumerator: Machine registration event received, ID = b7e21972-0a20-4fe3-8276-865ea0fec5ab
00:01:48.925058 UIMediumEnumerator:  New usage: 3ef4e27e-fb6a-4637-9bc4-5f4d9a009964
00:01:48.925099 UIMediumEnumerator: Machine registration event processed, ID = b7e21972-0a20-4fe3-8276-865ea0fec5ab
00:01:48.927664 UIMediumEnumerator: Machine (or snapshot) event received, ID = b7e21972-0a20-4fe3-8276-865ea0fec5ab
00:01:48.927689 UIMediumEnumerator:  Old usage: <empty>
00:01:48.928016 UIMediumEnumerator:  New usage: 3ef4e27e-fb6a-4637-9bc4-5f4d9a009964
00:01:48.928026 UIMediumEnumerator:  Items included into usage: 3ef4e27e-fb6a-4637-9bc4-5f4d9a009964
00:01:48.928050 UIMediumEnumerator: Machine (or snapshot) event processed, ID = b7e21972-0a20-4fe3-8276-865ea0fec5ab
00:01:49.008082 UIMediumEnumerator: Medium-enumeration finished!
00:02:35.783306 2D support test succeeded
00:02:35.786175 UIMediumEnumerator: Medium-enumeration started...
00:02:35.856202 UIMediumEnumerator: Medium-enumeration finished!
00:02:52.886727 UIMediumEnumerator: Medium-enumeration started...
00:02:52.892460 UIMediumEnumerator: Medium-enumeration finished!
00:06:05.564107 UIMediumEnumerator: Machine (or snapshot) event received, ID = b7e21972-0a20-4fe3-8276-865ea0fec5ab
00:06:05.564141 UIMediumEnumerator:  Old usage: 3ef4e27e-fb6a-4637-9bc4-5f4d9a009964, 677bf9ac-a1fb-4bda-8b1c-0285e04626f6
00:06:05.564714 UIMediumEnumerator:  New usage: 3ef4e27e-fb6a-4637-9bc4-5f4d9a009964, 677bf9ac-a1fb-4bda-8b1c-0285e04626f6
00:06:05.564728 UIMediumEnumerator: Machine (or snapshot) event processed, ID = b7e21972-0a20-4fe3-8276-865ea0fec5ab
00:06:05.955464 UIMediumEnumerator: Machine (or snapshot) event received, ID = b7e21972-0a20-4fe3-8276-865ea0fec5ab
00:06:05.955499 UIMediumEnumerator:  Old usage: 3ef4e27e-fb6a-4637-9bc4-5f4d9a009964, 677bf9ac-a1fb-4bda-8b1c-0285e04626f6
00:06:05.956400 UIMediumEnumerator:  New usage: 3ef4e27e-fb6a-4637-9bc4-5f4d9a009964, 677bf9ac-a1fb-4bda-8b1c-0285e04626f6
00:06:05.956493 UIMediumEnumerator: Machine (or snapshot) event processed, ID = b7e21972-0a20-4fe3-8276-865ea0fec5ab
00:06:06.052128 UIMediumEnumerator: Machine (or snapshot) event received, ID = b7e21972-0a20-4fe3-8276-865ea0fec5ab
00:06:06.052170 UIMediumEnumerator:  Old usage: 3ef4e27e-fb6a-4637-9bc4-5f4d9a009964, 677bf9ac-a1fb-4bda-8b1c-0285e04626f6
00:06:06.114581 UIMediumEnumerator:  New usage: 3ef4e27e-fb6a-4637-9bc4-5f4d9a009964, 677bf9ac-a1fb-4bda-8b1c-0285e04626f6
00:06:06.114615 UIMediumEnumerator: Machine (or snapshot) event processed, ID = b7e21972-0a20-4fe3-8276-865ea0fec5ab
00:06:06.118185 UIMediumEnumerator: Machine (or snapshot) event received, ID = b7e21972-0a20-4fe3-8276-865ea0fec5ab
00:06:06.118217 UIMediumEnumerator:  Old usage: 3ef4e27e-fb6a-4637-9bc4-5f4d9a009964, 677bf9ac-a1fb-4bda-8b1c-0285e04626f6
00:06:06.119053 UIMediumEnumerator:  New usage: 3ef4e27e-fb6a-4637-9bc4-5f4d9a009964, 677bf9ac-a1fb-4bda-8b1c-0285e04626f6
00:06:06.119067 UIMediumEnumerator: Machine (or snapshot) event processed, ID = b7e21972-0a20-4fe3-8276-865ea0fec5ab
